\BOOKMARK [1][-]{Doc-Start}{Abstract}{}% 1
\BOOKMARK [1][-]{section.1}{Introduction}{}% 2
\BOOKMARK [2][-]{subsection.1.1}{Bloom's 2 Sigma}{section.1}% 3
\BOOKMARK [2][-]{subsection.1.2}{Gatto's Critisicm}{section.1}% 4
\BOOKMARK [2][-]{subsection.1.3}{Deep Work}{section.1}% 5
\BOOKMARK [2][-]{subsection.1.4}{Lockhart's Lament}{section.1}% 6
\BOOKMARK [2][-]{subsection.1.5}{Eliza Effect}{section.1}% 7
\BOOKMARK [1][-]{section.2}{Conceptual Framework}{}% 8
\BOOKMARK [2][-]{subsection.2.1}{Objectives}{section.2}% 9
\BOOKMARK [2][-]{subsection.2.2}{Instructor Model}{section.2}% 10
\BOOKMARK [2][-]{subsection.2.3}{Conversational Tutor}{section.2}% 11
\BOOKMARK [2][-]{subsection.2.4}{Bloom’s Taxonomy}{section.2}% 12
\BOOKMARK [2][-]{subsection.2.5}{Learning Atom}{section.2}% 13
\BOOKMARK [2][-]{subsection.2.6}{Prior and Posterior}{section.2}% 14
\BOOKMARK [2][-]{subsection.2.7}{Known-to-Known}{section.2}% 15
\BOOKMARK [2][-]{subsection.2.8}{Framework}{section.2}% 16
\BOOKMARK [1][-]{section.3}{Extending the System}{}% 17
\BOOKMARK [2][-]{subsection.3.1}{Summarizing}{section.3}% 18
\BOOKMARK [2][-]{subsection.3.2}{Explainability}{section.3}% 19
\BOOKMARK [2][-]{subsection.3.3}{Project}{section.3}% 20
\BOOKMARK [2][-]{subsection.3.4}{Learner Notes}{section.3}% 21
\BOOKMARK [2][-]{subsection.3.5}{Learner Questions}{section.3}% 22
\BOOKMARK [2][-]{subsection.3.6}{Notebooks}{section.3}% 23
\BOOKMARK [2][-]{subsection.3.7}{Revision}{section.3}% 24
\BOOKMARK [2][-]{subsection.3.8}{Retention}{section.3}% 25
\BOOKMARK [2][-]{subsection.3.9}{Retention Score}{section.3}% 26
\BOOKMARK [2][-]{subsection.3.10}{Incentives}{section.3}% 27
\BOOKMARK [1][-]{section.4}{Advantages}{}% 28
\BOOKMARK [1][-]{section.5}{Limitations}{}% 29
\BOOKMARK [1][-]{section.6}{Future Scope}{}% 30
\BOOKMARK [1][-]{section.7}{Conclusion}{}% 31
\BOOKMARK [1][-]{section.8}{Acknowledgements}{}% 32
\BOOKMARK [1][-]{section.9}{Exhibits}{}% 33
\BOOKMARK [1][-]{section.9}{References}{}% 34
